# JRE version: OpenJDK Runtime Environment (8.0_152-b08) (build 1.8.0_152-release-1248-b8)
# Java VM: OpenJDK 64-Bit Server VM (25.152-b8 mixed mode bsd-amd64 compressed oops)
Heap:
 par new generation   total 39296K, used 33091K [0x0000000791200000, 0x0000000793ca0000, 0x00000007a0c00000)
  eden space 34944K,  93% used [0x0000000791200000, 0x00000007931e4a78, 0x0000000793420000)
  from space 4352K,   9% used [0x0000000793860000, 0x00000007938cc4c0, 0x0000000793ca0000)
  to   space 4352K,   0% used [0x0000000793420000, 0x0000000793420000, 0x0000000793860000)
 concurrent mark-sweep generation total 370144K, used 301803K [0x00000007a0c00000, 0x00000007b7578000, 0x00000007c0000000)
 Metaspace       used 307215K, capacity 332006K, committed 332504K, reserved 1339392K
  class space    used 36921K, capacity 41863K, committed 42016K, reserved 1048576K
GC Heap History (10 events):
Event: 124738.944 GC heap before
{Heap before GC invocations=5186 (full 28):
 par new generation   total 39296K, used 35009K [0x0000000791200000, 0x0000000793ca0000, 0x00000007a0c00000)
  eden space 34944K, 100% used [0x0000000791200000, 0x0000000793420000, 0x0000000793420000)
  from space 4352K,   1% used [0x0000000793420000, 0x00000007934305a8, 0x0000000793860000)
  to   space 4352K,   0% used [0x0000000793860000, 0x0000000793860000, 0x0000000793ca0000)
 concurrent mark-sweep generation total 370144K, used 301803K [0x00000007a0c00000, 0x00000007b7578000, 0x00000007c0000000)
 Metaspace       used 304226K, capacity 328990K, committed 329432K, reserved 1337344K
  class space    used 36669K, capacity 41591K, committed 41760K, reserved 1048576K
Event: 124738.948 GC heap after
Heap after GC invocations=5187 (full 28):
 par new generation   total 39296K, used 49K [0x0000000791200000, 0x0000000793ca0000, 0x00000007a0c00000)
  eden space 34944K,   0% used [0x0000000791200000, 0x0000000791200000, 0x0000000793420000)
  from space 4352K,   1% used [0x0000000793860000, 0x000000079386c5d8, 0x0000000793ca0000)
  to   space 4352K,   0% used [0x0000000793420000, 0x0000000793420000, 0x0000000793860000)
 concurrent mark-sweep generation total 370144K, used 301803K [0x00000007a0c00000, 0x00000007b7578000, 0x00000007c0000000)
 Metaspace       used 304226K, capacity 328990K, committed 329432K, reserved 1337344K
  class space    used 36669K, capacity 41591K, committed 41760K, reserved 1048576K
}
Event: 124752.101 GC heap before
{Heap before GC invocations=5187 (full 28):
 par new generation   total 39296K, used 34993K [0x0000000791200000, 0x0000000793ca0000, 0x00000007a0c00000)
  eden space 34944K, 100% used [0x0000000791200000, 0x0000000793420000, 0x0000000793420000)
  from space 4352K,   1% used [0x0000000793860000, 0x000000079386c5d8, 0x0000000793ca0000)
  to   space 4352K,   0% used [0x0000000793420000, 0x0000000793420000, 0x0000000793860000)
 concurrent mark-sweep generation total 370144K, used 301803K [0x00000007a0c00000, 0x00000007b7578000, 0x00000007c0000000)
 Metaspace       used 304226K, capacity 328990K, committed 329432K, reserved 1337344K
  class space    used 36669K, capacity 41591K, committed 41760K, reserved 1048576K
Event: 124752.106 GC heap after
Heap after GC invocations=5188 (full 28):
 par new generation   total 39296K, used 68K [0x0000000791200000, 0x0000000793ca0000, 0x00000007a0c00000)
  eden space 34944K,   0% used [0x0000000791200000, 0x0000000791200000, 0x0000000793420000)
  from space 4352K,   1% used [0x0000000793420000, 0x00000007934312a0, 0x0000000793860000)
  to   space 4352K,   0% used [0x0000000793860000, 0x0000000793860000, 0x0000000793ca0000)
 concurrent mark-sweep generation total 370144K, used 301803K [0x00000007a0c00000, 0x00000007b7578000, 0x00000007c0000000)
 Metaspace       used 304226K, capacity 328990K, committed 329432K, reserved 1337344K
  class space    used 36669K, capacity 41591K, committed 41760K, reserved 1048576K
}
Event: 124765.254 GC heap before
{Heap before GC invocations=5188 (full 28):
 par new generation   total 39296K, used 35012K [0x0000000791200000, 0x0000000793ca0000, 0x00000007a0c00000)
  eden space 34944K, 100% used [0x0000000791200000, 0x0000000793420000, 0x0000000793420000)
  from space 4352K,   1% used [0x0000000793420000, 0x00000007934312a0, 0x0000000793860000)
  to   space 4352K,   0% used [0x0000000793860000, 0x0000000793860000, 0x0000000793ca0000)
 concurrent mark-sweep generation total 370144K, used 301803K [0x00000007a0c00000, 0x00000007b7578000, 0x00000007c0000000)
 Metaspace       used 304226K, capacity 328990K, committed 329432K, reserved 1337344K
  class space    used 36669K, capacity 41591K, committed 41760K, reserved 1048576K
Event: 124765.259 GC heap after
Heap after GC invocations=5189 (full 28):
 par new generation   total 39296K, used 54K [0x0000000791200000, 0x0000000793ca0000, 0x00000007a0c00000)
  eden space 34944K,   0% used [0x0000000791200000, 0x0000000791200000, 0x0000000793420000)
  from space 4352K,   1% used [0x0000000793860000, 0x000000079386d898, 0x0000000793ca0000)
  to   space 4352K,   0% used [0x0000000793420000, 0x0000000793420000, 0x0000000793860000)
 concurrent mark-sweep generation total 370144K, used 301803K [0x00000007a0c00000, 0x00000007b7578000, 0x00000007c0000000)
 Metaspace       used 304226K, capacity 328990K, committed 329432K, reserved 1337344K
  class space    used 36669K, capacity 41591K, committed 41760K, reserved 1048576K
}
Event: 124778.410 GC heap before
{Heap before GC invocations=5189 (full 28):
 par new generation   total 39296K, used 34998K [0x0000000791200000, 0x0000000793ca0000, 0x00000007a0c00000)
  eden space 34944K, 100% used [0x0000000791200000, 0x0000000793420000, 0x0000000793420000)
  from space 4352K,   1% used [0x0000000793860000, 0x000000079386d898, 0x0000000793ca0000)
  to   space 4352K,   0% used [0x0000000793420000, 0x0000000793420000, 0x0000000793860000)
 concurrent mark-sweep generation total 370144K, used 301803K [0x00000007a0c00000, 0x00000007b7578000, 0x00000007c0000000)
 Metaspace       used 304226K, capacity 328990K, committed 329432K, reserved 1337344K
  class space    used 36669K, capacity 41591K, committed 41760K, reserved 1048576K
Event: 124778.415 GC heap after
Heap after GC invocations=5190 (full 28):
 par new generation   total 39296K, used 57K [0x0000000791200000, 0x0000000793ca0000, 0x00000007a0c00000)
  eden space 34944K,   0% used [0x0000000791200000, 0x0000000791200000, 0x0000000793420000)
  from space 4352K,   1% used [0x0000000793420000, 0x000000079342e768, 0x0000000793860000)
  to   space 4352K,   0% used [0x0000000793860000, 0x0000000793860000, 0x0000000793ca0000)
 concurrent mark-sweep generation total 370144K, used 301803K [0x00000007a0c00000, 0x00000007b7578000, 0x00000007c0000000)
 Metaspace       used 304226K, capacity 328990K, committed 329432K, reserved 1337344K
  class space    used 36669K, capacity 41591K, committed 41760K, reserved 1048576K
}
Event: 124784.081 GC heap before
{Heap before GC invocations=5190 (full 28):
 par new generation   total 39296K, used 35001K [0x0000000791200000, 0x0000000793ca0000, 0x00000007a0c00000)
  eden space 34944K, 100% used [0x0000000791200000, 0x0000000793420000, 0x0000000793420000)
  from space 4352K,   1% used [0x0000000793420000, 0x000000079342e768, 0x0000000793860000)
  to   space 4352K,   0% used [0x0000000793860000, 0x0000000793860000, 0x0000000793ca0000)
 concurrent mark-sweep generation total 370144K, used 301803K [0x00000007a0c00000, 0x00000007b7578000, 0x00000007c0000000)
 Metaspace       used 304236K, capacity 329008K, committed 329432K, reserved 1337344K
  class space    used 36671K, capacity 41594K, committed 41760K, reserved 1048576K
Event: 124784.085 GC heap after
Heap after GC invocations=5191 (full 28):
 par new generation   total 39296K, used 433K [0x0000000791200000, 0x0000000793ca0000, 0x00000007a0c00000)
  eden space 34944K,   0% used [0x0000000791200000, 0x0000000791200000, 0x0000000793420000)
  from space 4352K,   9% used [0x0000000793860000, 0x00000007938cc4c0, 0x0000000793ca0000)
  to   space 4352K,   0% used [0x0000000793420000, 0x0000000793420000, 0x0000000793860000)
 concurrent mark-sweep generation total 370144K, used 301803K [0x00000007a0c00000, 0x00000007b7578000, 0x00000007c0000000)
 Metaspace       used 304236K, capacity 329008K, committed 329432K, reserved 1337344K
  class space    used 36671K, capacity 41594K, committed 41760K, reserved 1048576K
}

